VCD info: dumpfile cache_tb.vcd opened for output.
Time:0 | cpu_addr=00000000 | cpu_wdata=00000000 | cpu_rdata=00000000 | cpu_stall=0 | mem_addr=00000000 | mem_read=0 | mem_write=0 | mem_wdata_array=0000000000000000000000000000000000000000000000000000000000000000 | mem_ready=0
Time:20 | cpu_addr=10000000 | cpu_wdata=00000000 | cpu_rdata=00000000 | cpu_stall=1 | mem_addr=10000000 | mem_read=1 | mem_write=0 | mem_wdata_array=0000000000000000000000000000000000000000000000000000000000000000 | mem_ready=0
Time:25 | cpu_addr=10000000 | cpu_wdata=00000000 | cpu_rdata=00000000 | cpu_stall=1 | mem_addr=10000000 | mem_read=1 | mem_write=0 | mem_wdata_array=0000000000000000000000000000000000000000000000000000000000000000 | mem_ready=0
Time:30 | cpu_addr=10000000 | cpu_wdata=00000000 | cpu_rdata=11111111 | cpu_stall=0 | mem_addr=10000000 | mem_read=1 | mem_write=0 | mem_wdata_array=0000000000000000000000000000000000000000000000000000000000000000 | mem_ready=1
Time:35 | cpu_addr=10000000 | cpu_wdata=00000000 | cpu_rdata=11111111 | cpu_stall=0 | mem_addr=00000000 | mem_read=0 | mem_write=0 | mem_wdata_array=0000000000000000000000000000000000000000000000000000000000000000 | mem_ready=1
=== DATA TABLE ===
Index 0: 88888888 77777777 66666666 55555555 44444444 33333333 22222222 11111111 
Index 1: 00000000 00000000 00000000 00000000 00000000 00000000 00000000 00000000 
Index 2: 00000000 00000000 00000000 00000000 00000000 00000000 00000000 00000000 
Index 3: 00000000 00000000 00000000 00000000 00000000 00000000 00000000 00000000 
Index 4: 00000000 00000000 00000000 00000000 00000000 00000000 00000000 00000000 
Index 5: 00000000 00000000 00000000 00000000 00000000 00000000 00000000 00000000 
Index 6: 00000000 00000000 00000000 00000000 00000000 00000000 00000000 00000000 
Index 7: 00000000 00000000 00000000 00000000 00000000 00000000 00000000 00000000 
Index 8: 00000000 00000000 00000000 00000000 00000000 00000000 00000000 00000000 
Index 9: 00000000 00000000 00000000 00000000 00000000 00000000 00000000 00000000 
Index 10: 00000000 00000000 00000000 00000000 00000000 00000000 00000000 00000000 
Index 11: 00000000 00000000 00000000 00000000 00000000 00000000 00000000 00000000 
Index 12: 00000000 00000000 00000000 00000000 00000000 00000000 00000000 00000000 
Index 13: 00000000 00000000 00000000 00000000 00000000 00000000 00000000 00000000 
Index 14: 00000000 00000000 00000000 00000000 00000000 00000000 00000000 00000000 
Index 15: 00000000 00000000 00000000 00000000 00000000 00000000 00000000 00000000 
Index 16: 00000000 00000000 00000000 00000000 00000000 00000000 00000000 00000000 
Index 17: 00000000 00000000 00000000 00000000 00000000 00000000 00000000 00000000 
Index 18: 00000000 00000000 00000000 00000000 00000000 00000000 00000000 00000000 
Index 19: 00000000 00000000 00000000 00000000 00000000 00000000 00000000 00000000 
Index 20: 00000000 00000000 00000000 00000000 00000000 00000000 00000000 00000000 
Index 21: 00000000 00000000 00000000 00000000 00000000 00000000 00000000 00000000 
Index 22: 00000000 00000000 00000000 00000000 00000000 00000000 00000000 00000000 
Index 23: 00000000 00000000 00000000 00000000 00000000 00000000 00000000 00000000 
Index 24: 00000000 00000000 00000000 00000000 00000000 00000000 00000000 00000000 
Index 25: 00000000 00000000 00000000 00000000 00000000 00000000 00000000 00000000 
Index 26: 00000000 00000000 00000000 00000000 00000000 00000000 00000000 00000000 
Index 27: 00000000 00000000 00000000 00000000 00000000 00000000 00000000 00000000 
Index 28: 00000000 00000000 00000000 00000000 00000000 00000000 00000000 00000000 
Index 29: 00000000 00000000 00000000 00000000 00000000 00000000 00000000 00000000 
Index 30: 00000000 00000000 00000000 00000000 00000000 00000000 00000000 00000000 
Index 31: 00000000 00000000 00000000 00000000 00000000 00000000 00000000 00000000 
Index 32: 00000000 00000000 00000000 00000000 00000000 00000000 00000000 00000000 
Index 33: 00000000 00000000 00000000 00000000 00000000 00000000 00000000 00000000 
Index 34: 00000000 00000000 00000000 00000000 00000000 00000000 00000000 00000000 
Index 35: 00000000 00000000 00000000 00000000 00000000 00000000 00000000 00000000 
Index 36: 00000000 00000000 00000000 00000000 00000000 00000000 00000000 00000000 
Index 37: 00000000 00000000 00000000 00000000 00000000 00000000 00000000 00000000 
Index 38: 00000000 00000000 00000000 00000000 00000000 00000000 00000000 00000000 
Index 39: 00000000 00000000 00000000 00000000 00000000 00000000 00000000 00000000 
Index 40: 00000000 00000000 00000000 00000000 00000000 00000000 00000000 00000000 
Index 41: 00000000 00000000 00000000 00000000 00000000 00000000 00000000 00000000 
Index 42: 00000000 00000000 00000000 00000000 00000000 00000000 00000000 00000000 
Index 43: 00000000 00000000 00000000 00000000 00000000 00000000 00000000 00000000 
Index 44: 00000000 00000000 00000000 00000000 00000000 00000000 00000000 00000000 
Index 45: 00000000 00000000 00000000 00000000 00000000 00000000 00000000 00000000 
Index 46: 00000000 00000000 00000000 00000000 00000000 00000000 00000000 00000000 
Index 47: 00000000 00000000 00000000 00000000 00000000 00000000 00000000 00000000 
Index 48: 00000000 00000000 00000000 00000000 00000000 00000000 00000000 00000000 
Index 49: 00000000 00000000 00000000 00000000 00000000 00000000 00000000 00000000 
Index 50: 00000000 00000000 00000000 00000000 00000000 00000000 00000000 00000000 
Index 51: 00000000 00000000 00000000 00000000 00000000 00000000 00000000 00000000 
Index 52: 00000000 00000000 00000000 00000000 00000000 00000000 00000000 00000000 
Index 53: 00000000 00000000 00000000 00000000 00000000 00000000 00000000 00000000 
Index 54: 00000000 00000000 00000000 00000000 00000000 00000000 00000000 00000000 
Index 55: 00000000 00000000 00000000 00000000 00000000 00000000 00000000 00000000 
Index 56: 00000000 00000000 00000000 00000000 00000000 00000000 00000000 00000000 
Index 57: 00000000 00000000 00000000 00000000 00000000 00000000 00000000 00000000 
Index 58: 00000000 00000000 00000000 00000000 00000000 00000000 00000000 00000000 
Index 59: 00000000 00000000 00000000 00000000 00000000 00000000 00000000 00000000 
Index 60: 00000000 00000000 00000000 00000000 00000000 00000000 00000000 00000000 
Index 61: 00000000 00000000 00000000 00000000 00000000 00000000 00000000 00000000 
Index 62: 00000000 00000000 00000000 00000000 00000000 00000000 00000000 00000000 
Index 63: 00000000 00000000 00000000 00000000 00000000 00000000 00000000 00000000 
===========================
Time:40 | cpu_addr=10000000 | cpu_wdata=00000000 | cpu_rdata=11111111 | cpu_stall=0 | mem_addr=00000000 | mem_read=0 | mem_write=0 | mem_wdata_array=0000000000000000000000000000000000000000000000000000000000000000 | mem_ready=0
Time:50 | cpu_addr=1000002c | cpu_wdata=00000000 | cpu_rdata=00000000 | cpu_stall=1 | mem_addr=10000020 | mem_read=1 | mem_write=0 | mem_wdata_array=0000000000000000000000000000000000000000000000000000000000000000 | mem_ready=0
Time:55 | cpu_addr=1000002c | cpu_wdata=00000000 | cpu_rdata=00000000 | cpu_stall=1 | mem_addr=10000020 | mem_read=1 | mem_write=0 | mem_wdata_array=0000000000000000000000000000000000000000000000000000000000000000 | mem_ready=0
Time:60 | cpu_addr=1000002c | cpu_wdata=00000000 | cpu_rdata=44444444 | cpu_stall=0 | mem_addr=10000020 | mem_read=1 | mem_write=0 | mem_wdata_array=0000000000000000000000000000000000000000000000000000000000000000 | mem_ready=1
Time:65 | cpu_addr=1000002c | cpu_wdata=00000000 | cpu_rdata=44444444 | cpu_stall=0 | mem_addr=00000000 | mem_read=0 | mem_write=0 | mem_wdata_array=0000000000000000000000000000000000000000000000000000000000000000 | mem_ready=1
=== DATA TABLE ===
Index 0: 88888888 77777777 66666666 55555555 44444444 33333333 22222222 11111111 
Index 1: 88888888 77777777 66666666 55555555 44444444 33333333 22222222 11111111 
Index 2: 00000000 00000000 00000000 00000000 00000000 00000000 00000000 00000000 
Index 3: 00000000 00000000 00000000 00000000 00000000 00000000 00000000 00000000 
Index 4: 00000000 00000000 00000000 00000000 00000000 00000000 00000000 00000000 
Index 5: 00000000 00000000 00000000 00000000 00000000 00000000 00000000 00000000 
Index 6: 00000000 00000000 00000000 00000000 00000000 00000000 00000000 00000000 
Index 7: 00000000 00000000 00000000 00000000 00000000 00000000 00000000 00000000 
Index 8: 00000000 00000000 00000000 00000000 00000000 00000000 00000000 00000000 
Index 9: 00000000 00000000 00000000 00000000 00000000 00000000 00000000 00000000 
Index 10: 00000000 00000000 00000000 00000000 00000000 00000000 00000000 00000000 
Index 11: 00000000 00000000 00000000 00000000 00000000 00000000 00000000 00000000 
Index 12: 00000000 00000000 00000000 00000000 00000000 00000000 00000000 00000000 
Index 13: 00000000 00000000 00000000 00000000 00000000 00000000 00000000 00000000 
Index 14: 00000000 00000000 00000000 00000000 00000000 00000000 00000000 00000000 
Index 15: 00000000 00000000 00000000 00000000 00000000 00000000 00000000 00000000 
Index 16: 00000000 00000000 00000000 00000000 00000000 00000000 00000000 00000000 
Index 17: 00000000 00000000 00000000 00000000 00000000 00000000 00000000 00000000 
Index 18: 00000000 00000000 00000000 00000000 00000000 00000000 00000000 00000000 
Index 19: 00000000 00000000 00000000 00000000 00000000 00000000 00000000 00000000 
Index 20: 00000000 00000000 00000000 00000000 00000000 00000000 00000000 00000000 
Index 21: 00000000 00000000 00000000 00000000 00000000 00000000 00000000 00000000 
Index 22: 00000000 00000000 00000000 00000000 00000000 00000000 00000000 00000000 
Index 23: 00000000 00000000 00000000 00000000 00000000 00000000 00000000 00000000 
Index 24: 00000000 00000000 00000000 00000000 00000000 00000000 00000000 00000000 
Index 25: 00000000 00000000 00000000 00000000 00000000 00000000 00000000 00000000 
Index 26: 00000000 00000000 00000000 00000000 00000000 00000000 00000000 00000000 
Index 27: 00000000 00000000 00000000 00000000 00000000 00000000 00000000 00000000 
Index 28: 00000000 00000000 00000000 00000000 00000000 00000000 00000000 00000000 
Index 29: 00000000 00000000 00000000 00000000 00000000 00000000 00000000 00000000 
Index 30: 00000000 00000000 00000000 00000000 00000000 00000000 00000000 00000000 
Index 31: 00000000 00000000 00000000 00000000 00000000 00000000 00000000 00000000 
Index 32: 00000000 00000000 00000000 00000000 00000000 00000000 00000000 00000000 
Index 33: 00000000 00000000 00000000 00000000 00000000 00000000 00000000 00000000 
Index 34: 00000000 00000000 00000000 00000000 00000000 00000000 00000000 00000000 
Index 35: 00000000 00000000 00000000 00000000 00000000 00000000 00000000 00000000 
Index 36: 00000000 00000000 00000000 00000000 00000000 00000000 00000000 00000000 
Index 37: 00000000 00000000 00000000 00000000 00000000 00000000 00000000 00000000 
Index 38: 00000000 00000000 00000000 00000000 00000000 00000000 00000000 00000000 
Index 39: 00000000 00000000 00000000 00000000 00000000 00000000 00000000 00000000 
Index 40: 00000000 00000000 00000000 00000000 00000000 00000000 00000000 00000000 
Index 41: 00000000 00000000 00000000 00000000 00000000 00000000 00000000 00000000 
Index 42: 00000000 00000000 00000000 00000000 00000000 00000000 00000000 00000000 
Index 43: 00000000 00000000 00000000 00000000 00000000 00000000 00000000 00000000 
Index 44: 00000000 00000000 00000000 00000000 00000000 00000000 00000000 00000000 
Index 45: 00000000 00000000 00000000 00000000 00000000 00000000 00000000 00000000 
Index 46: 00000000 00000000 00000000 00000000 00000000 00000000 00000000 00000000 
Index 47: 00000000 00000000 00000000 00000000 00000000 00000000 00000000 00000000 
Index 48: 00000000 00000000 00000000 00000000 00000000 00000000 00000000 00000000 
Index 49: 00000000 00000000 00000000 00000000 00000000 00000000 00000000 00000000 
Index 50: 00000000 00000000 00000000 00000000 00000000 00000000 00000000 00000000 
Index 51: 00000000 00000000 00000000 00000000 00000000 00000000 00000000 00000000 
Index 52: 00000000 00000000 00000000 00000000 00000000 00000000 00000000 00000000 
Index 53: 00000000 00000000 00000000 00000000 00000000 00000000 00000000 00000000 
Index 54: 00000000 00000000 00000000 00000000 00000000 00000000 00000000 00000000 
Index 55: 00000000 00000000 00000000 00000000 00000000 00000000 00000000 00000000 
Index 56: 00000000 00000000 00000000 00000000 00000000 00000000 00000000 00000000 
Index 57: 00000000 00000000 00000000 00000000 00000000 00000000 00000000 00000000 
Index 58: 00000000 00000000 00000000 00000000 00000000 00000000 00000000 00000000 
Index 59: 00000000 00000000 00000000 00000000 00000000 00000000 00000000 00000000 
Index 60: 00000000 00000000 00000000 00000000 00000000 00000000 00000000 00000000 
Index 61: 00000000 00000000 00000000 00000000 00000000 00000000 00000000 00000000 
Index 62: 00000000 00000000 00000000 00000000 00000000 00000000 00000000 00000000 
Index 63: 00000000 00000000 00000000 00000000 00000000 00000000 00000000 00000000 
===========================
Time:70 | cpu_addr=1000002c | cpu_wdata=00000000 | cpu_rdata=44444444 | cpu_stall=0 | mem_addr=00000000 | mem_read=0 | mem_write=0 | mem_wdata_array=0000000000000000000000000000000000000000000000000000000000000000 | mem_ready=0
=== DATA TABLE ===
Index 0: 88888888 77777777 66666666 55555555 44444444 33333333 22222222 11111111 
Index 1: 88888888 77777777 66666666 55555555 44444444 33333333 22222222 11111111 
Index 2: 00000000 00000000 00000000 00000000 00000000 00000000 00000000 00000000 
Index 3: 00000000 00000000 00000000 00000000 00000000 00000000 00000000 00000000 
Index 4: 00000000 00000000 00000000 00000000 00000000 00000000 00000000 00000000 
Index 5: 00000000 00000000 00000000 00000000 00000000 00000000 00000000 00000000 
Index 6: 00000000 00000000 00000000 00000000 00000000 00000000 00000000 00000000 
Index 7: 00000000 00000000 00000000 00000000 00000000 00000000 00000000 00000000 
Index 8: 00000000 00000000 00000000 00000000 00000000 00000000 00000000 00000000 
Index 9: 00000000 00000000 00000000 00000000 00000000 00000000 00000000 00000000 
Index 10: 00000000 00000000 00000000 00000000 00000000 00000000 00000000 00000000 
Index 11: 00000000 00000000 00000000 00000000 00000000 00000000 00000000 00000000 
Index 12: 00000000 00000000 00000000 00000000 00000000 00000000 00000000 00000000 
Index 13: 00000000 00000000 00000000 00000000 00000000 00000000 00000000 00000000 
Index 14: 00000000 00000000 00000000 00000000 00000000 00000000 00000000 00000000 
Index 15: 00000000 00000000 00000000 00000000 00000000 00000000 00000000 00000000 
Index 16: 00000000 00000000 00000000 00000000 00000000 00000000 00000000 00000000 
Index 17: 00000000 00000000 00000000 00000000 00000000 00000000 00000000 00000000 
Index 18: 00000000 00000000 00000000 00000000 00000000 00000000 00000000 00000000 
Index 19: 00000000 00000000 00000000 00000000 00000000 00000000 00000000 00000000 
Index 20: 00000000 00000000 00000000 00000000 00000000 00000000 00000000 00000000 
Index 21: 00000000 00000000 00000000 00000000 00000000 00000000 00000000 00000000 
Index 22: 00000000 00000000 00000000 00000000 00000000 00000000 00000000 00000000 
Index 23: 00000000 00000000 00000000 00000000 00000000 00000000 00000000 00000000 
Index 24: 00000000 00000000 00000000 00000000 00000000 00000000 00000000 00000000 
Index 25: 00000000 00000000 00000000 00000000 00000000 00000000 00000000 00000000 
Index 26: 00000000 00000000 00000000 00000000 00000000 00000000 00000000 00000000 
Index 27: 00000000 00000000 00000000 00000000 00000000 00000000 00000000 00000000 
Index 28: 00000000 00000000 00000000 00000000 00000000 00000000 00000000 00000000 
Index 29: 00000000 00000000 00000000 00000000 00000000 00000000 00000000 00000000 
Index 30: 00000000 00000000 00000000 00000000 00000000 00000000 00000000 00000000 
Index 31: 00000000 00000000 00000000 00000000 00000000 00000000 00000000 00000000 
Index 32: 00000000 00000000 00000000 00000000 00000000 00000000 00000000 00000000 
Index 33: 00000000 00000000 00000000 00000000 00000000 00000000 00000000 00000000 
Index 34: 00000000 00000000 00000000 00000000 00000000 00000000 00000000 00000000 
Index 35: 00000000 00000000 00000000 00000000 00000000 00000000 00000000 00000000 
Index 36: 00000000 00000000 00000000 00000000 00000000 00000000 00000000 00000000 
Index 37: 00000000 00000000 00000000 00000000 00000000 00000000 00000000 00000000 
Index 38: 00000000 00000000 00000000 00000000 00000000 00000000 00000000 00000000 
Index 39: 00000000 00000000 00000000 00000000 00000000 00000000 00000000 00000000 
Index 40: 00000000 00000000 00000000 00000000 00000000 00000000 00000000 00000000 
Index 41: 00000000 00000000 00000000 00000000 00000000 00000000 00000000 00000000 
Index 42: 00000000 00000000 00000000 00000000 00000000 00000000 00000000 00000000 
Index 43: 00000000 00000000 00000000 00000000 00000000 00000000 00000000 00000000 
Index 44: 00000000 00000000 00000000 00000000 00000000 00000000 00000000 00000000 
Index 45: 00000000 00000000 00000000 00000000 00000000 00000000 00000000 00000000 
Index 46: 00000000 00000000 00000000 00000000 00000000 00000000 00000000 00000000 
Index 47: 00000000 00000000 00000000 00000000 00000000 00000000 00000000 00000000 
Index 48: 00000000 00000000 00000000 00000000 00000000 00000000 00000000 00000000 
Index 49: 00000000 00000000 00000000 00000000 00000000 00000000 00000000 00000000 
Index 50: 00000000 00000000 00000000 00000000 00000000 00000000 00000000 00000000 
Index 51: 00000000 00000000 00000000 00000000 00000000 00000000 00000000 00000000 
Index 52: 00000000 00000000 00000000 00000000 00000000 00000000 00000000 00000000 
Index 53: 00000000 00000000 00000000 00000000 00000000 00000000 00000000 00000000 
Index 54: 00000000 00000000 00000000 00000000 00000000 00000000 00000000 00000000 
Index 55: 00000000 00000000 00000000 00000000 00000000 00000000 00000000 00000000 
Index 56: 00000000 00000000 00000000 00000000 00000000 00000000 00000000 00000000 
Index 57: 00000000 00000000 00000000 00000000 00000000 00000000 00000000 00000000 
Index 58: 00000000 00000000 00000000 00000000 00000000 00000000 00000000 00000000 
Index 59: 00000000 00000000 00000000 00000000 00000000 00000000 00000000 00000000 
Index 60: 00000000 00000000 00000000 00000000 00000000 00000000 00000000 00000000 
Index 61: 00000000 00000000 00000000 00000000 00000000 00000000 00000000 00000000 
Index 62: 00000000 00000000 00000000 00000000 00000000 00000000 00000000 00000000 
Index 63: 00000000 00000000 00000000 00000000 00000000 00000000 00000000 00000000 
===========================
Time:80 | cpu_addr=10000004 | cpu_wdata=00000000 | cpu_rdata=22222222 | cpu_stall=0 | mem_addr=00000000 | mem_read=0 | mem_write=0 | mem_wdata_array=0000000000000000000000000000000000000000000000000000000000000000 | mem_ready=0
=== DATA TABLE ===
Index 0: 88888888 77777777 66666666 55555555 44444444 33333333 22222222 11111111 
Index 1: 88888888 77777777 66666666 55555555 44444444 33333333 22222222 11111111 
Index 2: 00000000 00000000 00000000 00000000 00000000 00000000 00000000 00000000 
Index 3: 00000000 00000000 00000000 00000000 00000000 00000000 00000000 00000000 
Index 4: 00000000 00000000 00000000 00000000 00000000 00000000 00000000 00000000 
Index 5: 00000000 00000000 00000000 00000000 00000000 00000000 00000000 00000000 
Index 6: 00000000 00000000 00000000 00000000 00000000 00000000 00000000 00000000 
Index 7: 00000000 00000000 00000000 00000000 00000000 00000000 00000000 00000000 
Index 8: 00000000 00000000 00000000 00000000 00000000 00000000 00000000 00000000 
Index 9: 00000000 00000000 00000000 00000000 00000000 00000000 00000000 00000000 
Index 10: 00000000 00000000 00000000 00000000 00000000 00000000 00000000 00000000 
Index 11: 00000000 00000000 00000000 00000000 00000000 00000000 00000000 00000000 
Index 12: 00000000 00000000 00000000 00000000 00000000 00000000 00000000 00000000 
Index 13: 00000000 00000000 00000000 00000000 00000000 00000000 00000000 00000000 
Index 14: 00000000 00000000 00000000 00000000 00000000 00000000 00000000 00000000 
Index 15: 00000000 00000000 00000000 00000000 00000000 00000000 00000000 00000000 
Index 16: 00000000 00000000 00000000 00000000 00000000 00000000 00000000 00000000 
Index 17: 00000000 00000000 00000000 00000000 00000000 00000000 00000000 00000000 
Index 18: 00000000 00000000 00000000 00000000 00000000 00000000 00000000 00000000 
Index 19: 00000000 00000000 00000000 00000000 00000000 00000000 00000000 00000000 
Index 20: 00000000 00000000 00000000 00000000 00000000 00000000 00000000 00000000 
Index 21: 00000000 00000000 00000000 00000000 00000000 00000000 00000000 00000000 
Index 22: 00000000 00000000 00000000 00000000 00000000 00000000 00000000 00000000 
Index 23: 00000000 00000000 00000000 00000000 00000000 00000000 00000000 00000000 
Index 24: 00000000 00000000 00000000 00000000 00000000 00000000 00000000 00000000 
Index 25: 00000000 00000000 00000000 00000000 00000000 00000000 00000000 00000000 
Index 26: 00000000 00000000 00000000 00000000 00000000 00000000 00000000 00000000 
Index 27: 00000000 00000000 00000000 00000000 00000000 00000000 00000000 00000000 
Index 28: 00000000 00000000 00000000 00000000 00000000 00000000 00000000 00000000 
Index 29: 00000000 00000000 00000000 00000000 00000000 00000000 00000000 00000000 
Index 30: 00000000 00000000 00000000 00000000 00000000 00000000 00000000 00000000 
Index 31: 00000000 00000000 00000000 00000000 00000000 00000000 00000000 00000000 
Index 32: 00000000 00000000 00000000 00000000 00000000 00000000 00000000 00000000 
Index 33: 00000000 00000000 00000000 00000000 00000000 00000000 00000000 00000000 
Index 34: 00000000 00000000 00000000 00000000 00000000 00000000 00000000 00000000 
Index 35: 00000000 00000000 00000000 00000000 00000000 00000000 00000000 00000000 
Index 36: 00000000 00000000 00000000 00000000 00000000 00000000 00000000 00000000 
Index 37: 00000000 00000000 00000000 00000000 00000000 00000000 00000000 00000000 
Index 38: 00000000 00000000 00000000 00000000 00000000 00000000 00000000 00000000 
Index 39: 00000000 00000000 00000000 00000000 00000000 00000000 00000000 00000000 
Index 40: 00000000 00000000 00000000 00000000 00000000 00000000 00000000 00000000 
Index 41: 00000000 00000000 00000000 00000000 00000000 00000000 00000000 00000000 
Index 42: 00000000 00000000 00000000 00000000 00000000 00000000 00000000 00000000 
Index 43: 00000000 00000000 00000000 00000000 00000000 00000000 00000000 00000000 
Index 44: 00000000 00000000 00000000 00000000 00000000 00000000 00000000 00000000 
Index 45: 00000000 00000000 00000000 00000000 00000000 00000000 00000000 00000000 
Index 46: 00000000 00000000 00000000 00000000 00000000 00000000 00000000 00000000 
Index 47: 00000000 00000000 00000000 00000000 00000000 00000000 00000000 00000000 
Index 48: 00000000 00000000 00000000 00000000 00000000 00000000 00000000 00000000 
Index 49: 00000000 00000000 00000000 00000000 00000000 00000000 00000000 00000000 
Index 50: 00000000 00000000 00000000 00000000 00000000 00000000 00000000 00000000 
Index 51: 00000000 00000000 00000000 00000000 00000000 00000000 00000000 00000000 
Index 52: 00000000 00000000 00000000 00000000 00000000 00000000 00000000 00000000 
Index 53: 00000000 00000000 00000000 00000000 00000000 00000000 00000000 00000000 
Index 54: 00000000 00000000 00000000 00000000 00000000 00000000 00000000 00000000 
Index 55: 00000000 00000000 00000000 00000000 00000000 00000000 00000000 00000000 
Index 56: 00000000 00000000 00000000 00000000 00000000 00000000 00000000 00000000 
Index 57: 00000000 00000000 00000000 00000000 00000000 00000000 00000000 00000000 
Index 58: 00000000 00000000 00000000 00000000 00000000 00000000 00000000 00000000 
Index 59: 00000000 00000000 00000000 00000000 00000000 00000000 00000000 00000000 
Index 60: 00000000 00000000 00000000 00000000 00000000 00000000 00000000 00000000 
Index 61: 00000000 00000000 00000000 00000000 00000000 00000000 00000000 00000000 
Index 62: 00000000 00000000 00000000 00000000 00000000 00000000 00000000 00000000 
Index 63: 00000000 00000000 00000000 00000000 00000000 00000000 00000000 00000000 
===========================
Time:90 | cpu_addr=10000010 | cpu_wdata=00000000 | cpu_rdata=00005555 | cpu_stall=0 | mem_addr=00000000 | mem_read=0 | mem_write=0 | mem_wdata_array=0000000000000000000000000000000000000000000000000000000000000000 | mem_ready=0
=== DATA TABLE ===
Index 0: 88888888 77777777 66666666 55555555 44444444 33333333 22222222 11111111 
Index 1: 88888888 77777777 66666666 55555555 44444444 33333333 22222222 11111111 
Index 2: 00000000 00000000 00000000 00000000 00000000 00000000 00000000 00000000 
Index 3: 00000000 00000000 00000000 00000000 00000000 00000000 00000000 00000000 
Index 4: 00000000 00000000 00000000 00000000 00000000 00000000 00000000 00000000 
Index 5: 00000000 00000000 00000000 00000000 00000000 00000000 00000000 00000000 
Index 6: 00000000 00000000 00000000 00000000 00000000 00000000 00000000 00000000 
Index 7: 00000000 00000000 00000000 00000000 00000000 00000000 00000000 00000000 
Index 8: 00000000 00000000 00000000 00000000 00000000 00000000 00000000 00000000 
Index 9: 00000000 00000000 00000000 00000000 00000000 00000000 00000000 00000000 
Index 10: 00000000 00000000 00000000 00000000 00000000 00000000 00000000 00000000 
Index 11: 00000000 00000000 00000000 00000000 00000000 00000000 00000000 00000000 
Index 12: 00000000 00000000 00000000 00000000 00000000 00000000 00000000 00000000 
Index 13: 00000000 00000000 00000000 00000000 00000000 00000000 00000000 00000000 
Index 14: 00000000 00000000 00000000 00000000 00000000 00000000 00000000 00000000 
Index 15: 00000000 00000000 00000000 00000000 00000000 00000000 00000000 00000000 
Index 16: 00000000 00000000 00000000 00000000 00000000 00000000 00000000 00000000 
Index 17: 00000000 00000000 00000000 00000000 00000000 00000000 00000000 00000000 
Index 18: 00000000 00000000 00000000 00000000 00000000 00000000 00000000 00000000 
Index 19: 00000000 00000000 00000000 00000000 00000000 00000000 00000000 00000000 
Index 20: 00000000 00000000 00000000 00000000 00000000 00000000 00000000 00000000 
Index 21: 00000000 00000000 00000000 00000000 00000000 00000000 00000000 00000000 
Index 22: 00000000 00000000 00000000 00000000 00000000 00000000 00000000 00000000 
Index 23: 00000000 00000000 00000000 00000000 00000000 00000000 00000000 00000000 
Index 24: 00000000 00000000 00000000 00000000 00000000 00000000 00000000 00000000 
Index 25: 00000000 00000000 00000000 00000000 00000000 00000000 00000000 00000000 
Index 26: 00000000 00000000 00000000 00000000 00000000 00000000 00000000 00000000 
Index 27: 00000000 00000000 00000000 00000000 00000000 00000000 00000000 00000000 
Index 28: 00000000 00000000 00000000 00000000 00000000 00000000 00000000 00000000 
Index 29: 00000000 00000000 00000000 00000000 00000000 00000000 00000000 00000000 
Index 30: 00000000 00000000 00000000 00000000 00000000 00000000 00000000 00000000 
Index 31: 00000000 00000000 00000000 00000000 00000000 00000000 00000000 00000000 
Index 32: 00000000 00000000 00000000 00000000 00000000 00000000 00000000 00000000 
Index 33: 00000000 00000000 00000000 00000000 00000000 00000000 00000000 00000000 
Index 34: 00000000 00000000 00000000 00000000 00000000 00000000 00000000 00000000 
Index 35: 00000000 00000000 00000000 00000000 00000000 00000000 00000000 00000000 
Index 36: 00000000 00000000 00000000 00000000 00000000 00000000 00000000 00000000 
Index 37: 00000000 00000000 00000000 00000000 00000000 00000000 00000000 00000000 
Index 38: 00000000 00000000 00000000 00000000 00000000 00000000 00000000 00000000 
Index 39: 00000000 00000000 00000000 00000000 00000000 00000000 00000000 00000000 
Index 40: 00000000 00000000 00000000 00000000 00000000 00000000 00000000 00000000 
Index 41: 00000000 00000000 00000000 00000000 00000000 00000000 00000000 00000000 
Index 42: 00000000 00000000 00000000 00000000 00000000 00000000 00000000 00000000 
Index 43: 00000000 00000000 00000000 00000000 00000000 00000000 00000000 00000000 
Index 44: 00000000 00000000 00000000 00000000 00000000 00000000 00000000 00000000 
Index 45: 00000000 00000000 00000000 00000000 00000000 00000000 00000000 00000000 
Index 46: 00000000 00000000 00000000 00000000 00000000 00000000 00000000 00000000 
Index 47: 00000000 00000000 00000000 00000000 00000000 00000000 00000000 00000000 
Index 48: 00000000 00000000 00000000 00000000 00000000 00000000 00000000 00000000 
Index 49: 00000000 00000000 00000000 00000000 00000000 00000000 00000000 00000000 
Index 50: 00000000 00000000 00000000 00000000 00000000 00000000 00000000 00000000 
Index 51: 00000000 00000000 00000000 00000000 00000000 00000000 00000000 00000000 
Index 52: 00000000 00000000 00000000 00000000 00000000 00000000 00000000 00000000 
Index 53: 00000000 00000000 00000000 00000000 00000000 00000000 00000000 00000000 
Index 54: 00000000 00000000 00000000 00000000 00000000 00000000 00000000 00000000 
Index 55: 00000000 00000000 00000000 00000000 00000000 00000000 00000000 00000000 
Index 56: 00000000 00000000 00000000 00000000 00000000 00000000 00000000 00000000 
Index 57: 00000000 00000000 00000000 00000000 00000000 00000000 00000000 00000000 
Index 58: 00000000 00000000 00000000 00000000 00000000 00000000 00000000 00000000 
Index 59: 00000000 00000000 00000000 00000000 00000000 00000000 00000000 00000000 
Index 60: 00000000 00000000 00000000 00000000 00000000 00000000 00000000 00000000 
Index 61: 00000000 00000000 00000000 00000000 00000000 00000000 00000000 00000000 
Index 62: 00000000 00000000 00000000 00000000 00000000 00000000 00000000 00000000 
Index 63: 00000000 00000000 00000000 00000000 00000000 00000000 00000000 00000000 
===========================
Time:100 | cpu_addr=10000004 | cpu_wdata=00000000 | cpu_rdata=00000022 | cpu_stall=0 | mem_addr=00000000 | mem_read=0 | mem_write=0 | mem_wdata_array=0000000000000000000000000000000000000000000000000000000000000000 | mem_ready=0
=== DATA TABLE ===
Index 0: 88888888 77777777 66666666 55555555 44444444 33333333 22222222 11111111 
Index 1: 88888888 77777777 66666666 55555555 44444444 33333333 22222222 11111111 
Index 2: 00000000 00000000 00000000 00000000 00000000 00000000 00000000 00000000 
Index 3: 00000000 00000000 00000000 00000000 00000000 00000000 00000000 00000000 
Index 4: 00000000 00000000 00000000 00000000 00000000 00000000 00000000 00000000 
Index 5: 00000000 00000000 00000000 00000000 00000000 00000000 00000000 00000000 
Index 6: 00000000 00000000 00000000 00000000 00000000 00000000 00000000 00000000 
Index 7: 00000000 00000000 00000000 00000000 00000000 00000000 00000000 00000000 
Index 8: 00000000 00000000 00000000 00000000 00000000 00000000 00000000 00000000 
Index 9: 00000000 00000000 00000000 00000000 00000000 00000000 00000000 00000000 
Index 10: 00000000 00000000 00000000 00000000 00000000 00000000 00000000 00000000 
Index 11: 00000000 00000000 00000000 00000000 00000000 00000000 00000000 00000000 
Index 12: 00000000 00000000 00000000 00000000 00000000 00000000 00000000 00000000 
Index 13: 00000000 00000000 00000000 00000000 00000000 00000000 00000000 00000000 
Index 14: 00000000 00000000 00000000 00000000 00000000 00000000 00000000 00000000 
Index 15: 00000000 00000000 00000000 00000000 00000000 00000000 00000000 00000000 
Index 16: 00000000 00000000 00000000 00000000 00000000 00000000 00000000 00000000 
Index 17: 00000000 00000000 00000000 00000000 00000000 00000000 00000000 00000000 
Index 18: 00000000 00000000 00000000 00000000 00000000 00000000 00000000 00000000 
Index 19: 00000000 00000000 00000000 00000000 00000000 00000000 00000000 00000000 
Index 20: 00000000 00000000 00000000 00000000 00000000 00000000 00000000 00000000 
Index 21: 00000000 00000000 00000000 00000000 00000000 00000000 00000000 00000000 
Index 22: 00000000 00000000 00000000 00000000 00000000 00000000 00000000 00000000 
Index 23: 00000000 00000000 00000000 00000000 00000000 00000000 00000000 00000000 
Index 24: 00000000 00000000 00000000 00000000 00000000 00000000 00000000 00000000 
Index 25: 00000000 00000000 00000000 00000000 00000000 00000000 00000000 00000000 
Index 26: 00000000 00000000 00000000 00000000 00000000 00000000 00000000 00000000 
Index 27: 00000000 00000000 00000000 00000000 00000000 00000000 00000000 00000000 
Index 28: 00000000 00000000 00000000 00000000 00000000 00000000 00000000 00000000 
Index 29: 00000000 00000000 00000000 00000000 00000000 00000000 00000000 00000000 
Index 30: 00000000 00000000 00000000 00000000 00000000 00000000 00000000 00000000 
Index 31: 00000000 00000000 00000000 00000000 00000000 00000000 00000000 00000000 
Index 32: 00000000 00000000 00000000 00000000 00000000 00000000 00000000 00000000 
Index 33: 00000000 00000000 00000000 00000000 00000000 00000000 00000000 00000000 
Index 34: 00000000 00000000 00000000 00000000 00000000 00000000 00000000 00000000 
Index 35: 00000000 00000000 00000000 00000000 00000000 00000000 00000000 00000000 
Index 36: 00000000 00000000 00000000 00000000 00000000 00000000 00000000 00000000 
Index 37: 00000000 00000000 00000000 00000000 00000000 00000000 00000000 00000000 
Index 38: 00000000 00000000 00000000 00000000 00000000 00000000 00000000 00000000 
Index 39: 00000000 00000000 00000000 00000000 00000000 00000000 00000000 00000000 
Index 40: 00000000 00000000 00000000 00000000 00000000 00000000 00000000 00000000 
Index 41: 00000000 00000000 00000000 00000000 00000000 00000000 00000000 00000000 
Index 42: 00000000 00000000 00000000 00000000 00000000 00000000 00000000 00000000 
Index 43: 00000000 00000000 00000000 00000000 00000000 00000000 00000000 00000000 
Index 44: 00000000 00000000 00000000 00000000 00000000 00000000 00000000 00000000 
Index 45: 00000000 00000000 00000000 00000000 00000000 00000000 00000000 00000000 
Index 46: 00000000 00000000 00000000 00000000 00000000 00000000 00000000 00000000 
Index 47: 00000000 00000000 00000000 00000000 00000000 00000000 00000000 00000000 
Index 48: 00000000 00000000 00000000 00000000 00000000 00000000 00000000 00000000 
Index 49: 00000000 00000000 00000000 00000000 00000000 00000000 00000000 00000000 
Index 50: 00000000 00000000 00000000 00000000 00000000 00000000 00000000 00000000 
Index 51: 00000000 00000000 00000000 00000000 00000000 00000000 00000000 00000000 
Index 52: 00000000 00000000 00000000 00000000 00000000 00000000 00000000 00000000 
Index 53: 00000000 00000000 00000000 00000000 00000000 00000000 00000000 00000000 
Index 54: 00000000 00000000 00000000 00000000 00000000 00000000 00000000 00000000 
Index 55: 00000000 00000000 00000000 00000000 00000000 00000000 00000000 00000000 
Index 56: 00000000 00000000 00000000 00000000 00000000 00000000 00000000 00000000 
Index 57: 00000000 00000000 00000000 00000000 00000000 00000000 00000000 00000000 
Index 58: 00000000 00000000 00000000 00000000 00000000 00000000 00000000 00000000 
Index 59: 00000000 00000000 00000000 00000000 00000000 00000000 00000000 00000000 
Index 60: 00000000 00000000 00000000 00000000 00000000 00000000 00000000 00000000 
Index 61: 00000000 00000000 00000000 00000000 00000000 00000000 00000000 00000000 
Index 62: 00000000 00000000 00000000 00000000 00000000 00000000 00000000 00000000 
Index 63: 00000000 00000000 00000000 00000000 00000000 00000000 00000000 00000000 
===========================
Time:110 | cpu_addr=10000000 | cpu_wdata=aaaaaaaa | cpu_rdata=00000000 | cpu_stall=1 | mem_addr=10000000 | mem_read=0 | mem_write=1 | mem_wdata_array=88888888777777776666666655555555444444443333333322222222aaaaaaaa | mem_ready=1
Time:115 | cpu_addr=10000000 | cpu_wdata=aaaaaaaa | cpu_rdata=00000000 | cpu_stall=0 | mem_addr=10000000 | mem_read=0 | mem_write=1 | mem_wdata_array=88888888777777776666666655555555444444443333333322222222aaaaaaaa | mem_ready=1
=== DATA TABLE ===
Index 0: 88888888 77777777 66666666 55555555 44444444 33333333 22222222 aaaaaaaa 
Index 1: 88888888 77777777 66666666 55555555 44444444 33333333 22222222 11111111 
Index 2: 00000000 00000000 00000000 00000000 00000000 00000000 00000000 00000000 
Index 3: 00000000 00000000 00000000 00000000 00000000 00000000 00000000 00000000 
Index 4: 00000000 00000000 00000000 00000000 00000000 00000000 00000000 00000000 
Index 5: 00000000 00000000 00000000 00000000 00000000 00000000 00000000 00000000 
Index 6: 00000000 00000000 00000000 00000000 00000000 00000000 00000000 00000000 
Index 7: 00000000 00000000 00000000 00000000 00000000 00000000 00000000 00000000 
Index 8: 00000000 00000000 00000000 00000000 00000000 00000000 00000000 00000000 
Index 9: 00000000 00000000 00000000 00000000 00000000 00000000 00000000 00000000 
Index 10: 00000000 00000000 00000000 00000000 00000000 00000000 00000000 00000000 
Index 11: 00000000 00000000 00000000 00000000 00000000 00000000 00000000 00000000 
Index 12: 00000000 00000000 00000000 00000000 00000000 00000000 00000000 00000000 
Index 13: 00000000 00000000 00000000 00000000 00000000 00000000 00000000 00000000 
Index 14: 00000000 00000000 00000000 00000000 00000000 00000000 00000000 00000000 
Index 15: 00000000 00000000 00000000 00000000 00000000 00000000 00000000 00000000 
Index 16: 00000000 00000000 00000000 00000000 00000000 00000000 00000000 00000000 
Index 17: 00000000 00000000 00000000 00000000 00000000 00000000 00000000 00000000 
Index 18: 00000000 00000000 00000000 00000000 00000000 00000000 00000000 00000000 
Index 19: 00000000 00000000 00000000 00000000 00000000 00000000 00000000 00000000 
Index 20: 00000000 00000000 00000000 00000000 00000000 00000000 00000000 00000000 
Index 21: 00000000 00000000 00000000 00000000 00000000 00000000 00000000 00000000 
Index 22: 00000000 00000000 00000000 00000000 00000000 00000000 00000000 00000000 
Index 23: 00000000 00000000 00000000 00000000 00000000 00000000 00000000 00000000 
Index 24: 00000000 00000000 00000000 00000000 00000000 00000000 00000000 00000000 
Index 25: 00000000 00000000 00000000 00000000 00000000 00000000 00000000 00000000 
Index 26: 00000000 00000000 00000000 00000000 00000000 00000000 00000000 00000000 
Index 27: 00000000 00000000 00000000 00000000 00000000 00000000 00000000 00000000 
Index 28: 00000000 00000000 00000000 00000000 00000000 00000000 00000000 00000000 
Index 29: 00000000 00000000 00000000 00000000 00000000 00000000 00000000 00000000 
Index 30: 00000000 00000000 00000000 00000000 00000000 00000000 00000000 00000000 
Index 31: 00000000 00000000 00000000 00000000 00000000 00000000 00000000 00000000 
Index 32: 00000000 00000000 00000000 00000000 00000000 00000000 00000000 00000000 
Index 33: 00000000 00000000 00000000 00000000 00000000 00000000 00000000 00000000 
Index 34: 00000000 00000000 00000000 00000000 00000000 00000000 00000000 00000000 
Index 35: 00000000 00000000 00000000 00000000 00000000 00000000 00000000 00000000 
Index 36: 00000000 00000000 00000000 00000000 00000000 00000000 00000000 00000000 
Index 37: 00000000 00000000 00000000 00000000 00000000 00000000 00000000 00000000 
Index 38: 00000000 00000000 00000000 00000000 00000000 00000000 00000000 00000000 
Index 39: 00000000 00000000 00000000 00000000 00000000 00000000 00000000 00000000 
Index 40: 00000000 00000000 00000000 00000000 00000000 00000000 00000000 00000000 
Index 41: 00000000 00000000 00000000 00000000 00000000 00000000 00000000 00000000 
Index 42: 00000000 00000000 00000000 00000000 00000000 00000000 00000000 00000000 
Index 43: 00000000 00000000 00000000 00000000 00000000 00000000 00000000 00000000 
Index 44: 00000000 00000000 00000000 00000000 00000000 00000000 00000000 00000000 
Index 45: 00000000 00000000 00000000 00000000 00000000 00000000 00000000 00000000 
Index 46: 00000000 00000000 00000000 00000000 00000000 00000000 00000000 00000000 
Index 47: 00000000 00000000 00000000 00000000 00000000 00000000 00000000 00000000 
Index 48: 00000000 00000000 00000000 00000000 00000000 00000000 00000000 00000000 
Index 49: 00000000 00000000 00000000 00000000 00000000 00000000 00000000 00000000 
Index 50: 00000000 00000000 00000000 00000000 00000000 00000000 00000000 00000000 
Index 51: 00000000 00000000 00000000 00000000 00000000 00000000 00000000 00000000 
Index 52: 00000000 00000000 00000000 00000000 00000000 00000000 00000000 00000000 
Index 53: 00000000 00000000 00000000 00000000 00000000 00000000 00000000 00000000 
Index 54: 00000000 00000000 00000000 00000000 00000000 00000000 00000000 00000000 
Index 55: 00000000 00000000 00000000 00000000 00000000 00000000 00000000 00000000 
Index 56: 00000000 00000000 00000000 00000000 00000000 00000000 00000000 00000000 
Index 57: 00000000 00000000 00000000 00000000 00000000 00000000 00000000 00000000 
Index 58: 00000000 00000000 00000000 00000000 00000000 00000000 00000000 00000000 
Index 59: 00000000 00000000 00000000 00000000 00000000 00000000 00000000 00000000 
Index 60: 00000000 00000000 00000000 00000000 00000000 00000000 00000000 00000000 
Index 61: 00000000 00000000 00000000 00000000 00000000 00000000 00000000 00000000 
Index 62: 00000000 00000000 00000000 00000000 00000000 00000000 00000000 00000000 
Index 63: 00000000 00000000 00000000 00000000 00000000 00000000 00000000 00000000 
===========================
Time:120 | cpu_addr=10000004 | cpu_wdata=bbbbbbbb | cpu_rdata=00000000 | cpu_stall=0 | mem_addr=10000000 | mem_read=0 | mem_write=1 | mem_wdata_array=88888888777777776666666655555555444444443333333322222222aaaaaaaa | mem_ready=1
Time:125 | cpu_addr=10000004 | cpu_wdata=bbbbbbbb | cpu_rdata=00000000 | cpu_stall=1 | mem_addr=10000000 | mem_read=0 | mem_write=1 | mem_wdata_array=888888887777777766666666555555554444444433333333bbbbbbbbaaaaaaaa | mem_ready=1
=== DATA TABLE ===
Index 0: 88888888 77777777 66666666 55555555 44444444 33333333 bbbbbbbb aaaaaaaa 
Index 1: 88888888 77777777 66666666 55555555 44444444 33333333 22222222 11111111 
Index 2: 00000000 00000000 00000000 00000000 00000000 00000000 00000000 00000000 
Index 3: 00000000 00000000 00000000 00000000 00000000 00000000 00000000 00000000 
Index 4: 00000000 00000000 00000000 00000000 00000000 00000000 00000000 00000000 
Index 5: 00000000 00000000 00000000 00000000 00000000 00000000 00000000 00000000 
Index 6: 00000000 00000000 00000000 00000000 00000000 00000000 00000000 00000000 
Index 7: 00000000 00000000 00000000 00000000 00000000 00000000 00000000 00000000 
Index 8: 00000000 00000000 00000000 00000000 00000000 00000000 00000000 00000000 
Index 9: 00000000 00000000 00000000 00000000 00000000 00000000 00000000 00000000 
Index 10: 00000000 00000000 00000000 00000000 00000000 00000000 00000000 00000000 
Index 11: 00000000 00000000 00000000 00000000 00000000 00000000 00000000 00000000 
Index 12: 00000000 00000000 00000000 00000000 00000000 00000000 00000000 00000000 
Index 13: 00000000 00000000 00000000 00000000 00000000 00000000 00000000 00000000 
Index 14: 00000000 00000000 00000000 00000000 00000000 00000000 00000000 00000000 
Index 15: 00000000 00000000 00000000 00000000 00000000 00000000 00000000 00000000 
Index 16: 00000000 00000000 00000000 00000000 00000000 00000000 00000000 00000000 
Index 17: 00000000 00000000 00000000 00000000 00000000 00000000 00000000 00000000 
Index 18: 00000000 00000000 00000000 00000000 00000000 00000000 00000000 00000000 
Index 19: 00000000 00000000 00000000 00000000 00000000 00000000 00000000 00000000 
Index 20: 00000000 00000000 00000000 00000000 00000000 00000000 00000000 00000000 
Index 21: 00000000 00000000 00000000 00000000 00000000 00000000 00000000 00000000 
Index 22: 00000000 00000000 00000000 00000000 00000000 00000000 00000000 00000000 
Index 23: 00000000 00000000 00000000 00000000 00000000 00000000 00000000 00000000 
Index 24: 00000000 00000000 00000000 00000000 00000000 00000000 00000000 00000000 
Index 25: 00000000 00000000 00000000 00000000 00000000 00000000 00000000 00000000 
Index 26: 00000000 00000000 00000000 00000000 00000000 00000000 00000000 00000000 
Index 27: 00000000 00000000 00000000 00000000 00000000 00000000 00000000 00000000 
Index 28: 00000000 00000000 00000000 00000000 00000000 00000000 00000000 00000000 
Index 29: 00000000 00000000 00000000 00000000 00000000 00000000 00000000 00000000 
Index 30: 00000000 00000000 00000000 00000000 00000000 00000000 00000000 00000000 
Index 31: 00000000 00000000 00000000 00000000 00000000 00000000 00000000 00000000 
Index 32: 00000000 00000000 00000000 00000000 00000000 00000000 00000000 00000000 
Index 33: 00000000 00000000 00000000 00000000 00000000 00000000 00000000 00000000 
Index 34: 00000000 00000000 00000000 00000000 00000000 00000000 00000000 00000000 
Index 35: 00000000 00000000 00000000 00000000 00000000 00000000 00000000 00000000 
Index 36: 00000000 00000000 00000000 00000000 00000000 00000000 00000000 00000000 
Index 37: 00000000 00000000 00000000 00000000 00000000 00000000 00000000 00000000 
Index 38: 00000000 00000000 00000000 00000000 00000000 00000000 00000000 00000000 
Index 39: 00000000 00000000 00000000 00000000 00000000 00000000 00000000 00000000 
Index 40: 00000000 00000000 00000000 00000000 00000000 00000000 00000000 00000000 
Index 41: 00000000 00000000 00000000 00000000 00000000 00000000 00000000 00000000 
Index 42: 00000000 00000000 00000000 00000000 00000000 00000000 00000000 00000000 
Index 43: 00000000 00000000 00000000 00000000 00000000 00000000 00000000 00000000 
Index 44: 00000000 00000000 00000000 00000000 00000000 00000000 00000000 00000000 
Index 45: 00000000 00000000 00000000 00000000 00000000 00000000 00000000 00000000 
Index 46: 00000000 00000000 00000000 00000000 00000000 00000000 00000000 00000000 
Index 47: 00000000 00000000 00000000 00000000 00000000 00000000 00000000 00000000 
Index 48: 00000000 00000000 00000000 00000000 00000000 00000000 00000000 00000000 
Index 49: 00000000 00000000 00000000 00000000 00000000 00000000 00000000 00000000 
Index 50: 00000000 00000000 00000000 00000000 00000000 00000000 00000000 00000000 
Index 51: 00000000 00000000 00000000 00000000 00000000 00000000 00000000 00000000 
Index 52: 00000000 00000000 00000000 00000000 00000000 00000000 00000000 00000000 
Index 53: 00000000 00000000 00000000 00000000 00000000 00000000 00000000 00000000 
Index 54: 00000000 00000000 00000000 00000000 00000000 00000000 00000000 00000000 
Index 55: 00000000 00000000 00000000 00000000 00000000 00000000 00000000 00000000 
Index 56: 00000000 00000000 00000000 00000000 00000000 00000000 00000000 00000000 
Index 57: 00000000 00000000 00000000 00000000 00000000 00000000 00000000 00000000 
Index 58: 00000000 00000000 00000000 00000000 00000000 00000000 00000000 00000000 
Index 59: 00000000 00000000 00000000 00000000 00000000 00000000 00000000 00000000 
Index 60: 00000000 00000000 00000000 00000000 00000000 00000000 00000000 00000000 
Index 61: 00000000 00000000 00000000 00000000 00000000 00000000 00000000 00000000 
Index 62: 00000000 00000000 00000000 00000000 00000000 00000000 00000000 00000000 
Index 63: 00000000 00000000 00000000 00000000 00000000 00000000 00000000 00000000 
===========================
Time:130 | cpu_addr=1000002c | cpu_wdata=cccccccc | cpu_rdata=00000000 | cpu_stall=1 | mem_addr=10000020 | mem_read=0 | mem_write=1 | mem_wdata_array=888888887777777766666666555555554444cccc333333332222222211111111 | mem_ready=1
Time:135 | cpu_addr=1000002c | cpu_wdata=cccccccc | cpu_rdata=00000000 | cpu_stall=0 | mem_addr=10000020 | mem_read=0 | mem_write=1 | mem_wdata_array=888888887777777766666666555555554444cccc333333332222222211111111 | mem_ready=1
=== DATA TABLE ===
Index 0: 88888888 77777777 66666666 55555555 44444444 33333333 bbbbbbbb aaaaaaaa 
Index 1: 88888888 77777777 66666666 55555555 4444cccc 33333333 22222222 11111111 
Index 2: 00000000 00000000 00000000 00000000 00000000 00000000 00000000 00000000 
Index 3: 00000000 00000000 00000000 00000000 00000000 00000000 00000000 00000000 
Index 4: 00000000 00000000 00000000 00000000 00000000 00000000 00000000 00000000 
Index 5: 00000000 00000000 00000000 00000000 00000000 00000000 00000000 00000000 
Index 6: 00000000 00000000 00000000 00000000 00000000 00000000 00000000 00000000 
Index 7: 00000000 00000000 00000000 00000000 00000000 00000000 00000000 00000000 
Index 8: 00000000 00000000 00000000 00000000 00000000 00000000 00000000 00000000 
Index 9: 00000000 00000000 00000000 00000000 00000000 00000000 00000000 00000000 
Index 10: 00000000 00000000 00000000 00000000 00000000 00000000 00000000 00000000 
Index 11: 00000000 00000000 00000000 00000000 00000000 00000000 00000000 00000000 
Index 12: 00000000 00000000 00000000 00000000 00000000 00000000 00000000 00000000 
Index 13: 00000000 00000000 00000000 00000000 00000000 00000000 00000000 00000000 
Index 14: 00000000 00000000 00000000 00000000 00000000 00000000 00000000 00000000 
Index 15: 00000000 00000000 00000000 00000000 00000000 00000000 00000000 00000000 
Index 16: 00000000 00000000 00000000 00000000 00000000 00000000 00000000 00000000 
Index 17: 00000000 00000000 00000000 00000000 00000000 00000000 00000000 00000000 
Index 18: 00000000 00000000 00000000 00000000 00000000 00000000 00000000 00000000 
Index 19: 00000000 00000000 00000000 00000000 00000000 00000000 00000000 00000000 
Index 20: 00000000 00000000 00000000 00000000 00000000 00000000 00000000 00000000 
Index 21: 00000000 00000000 00000000 00000000 00000000 00000000 00000000 00000000 
Index 22: 00000000 00000000 00000000 00000000 00000000 00000000 00000000 00000000 
Index 23: 00000000 00000000 00000000 00000000 00000000 00000000 00000000 00000000 
Index 24: 00000000 00000000 00000000 00000000 00000000 00000000 00000000 00000000 
Index 25: 00000000 00000000 00000000 00000000 00000000 00000000 00000000 00000000 
Index 26: 00000000 00000000 00000000 00000000 00000000 00000000 00000000 00000000 
Index 27: 00000000 00000000 00000000 00000000 00000000 00000000 00000000 00000000 
Index 28: 00000000 00000000 00000000 00000000 00000000 00000000 00000000 00000000 
Index 29: 00000000 00000000 00000000 00000000 00000000 00000000 00000000 00000000 
Index 30: 00000000 00000000 00000000 00000000 00000000 00000000 00000000 00000000 
Index 31: 00000000 00000000 00000000 00000000 00000000 00000000 00000000 00000000 
Index 32: 00000000 00000000 00000000 00000000 00000000 00000000 00000000 00000000 
Index 33: 00000000 00000000 00000000 00000000 00000000 00000000 00000000 00000000 
Index 34: 00000000 00000000 00000000 00000000 00000000 00000000 00000000 00000000 
Index 35: 00000000 00000000 00000000 00000000 00000000 00000000 00000000 00000000 
Index 36: 00000000 00000000 00000000 00000000 00000000 00000000 00000000 00000000 
Index 37: 00000000 00000000 00000000 00000000 00000000 00000000 00000000 00000000 
Index 38: 00000000 00000000 00000000 00000000 00000000 00000000 00000000 00000000 
Index 39: 00000000 00000000 00000000 00000000 00000000 00000000 00000000 00000000 
Index 40: 00000000 00000000 00000000 00000000 00000000 00000000 00000000 00000000 
Index 41: 00000000 00000000 00000000 00000000 00000000 00000000 00000000 00000000 
Index 42: 00000000 00000000 00000000 00000000 00000000 00000000 00000000 00000000 
Index 43: 00000000 00000000 00000000 00000000 00000000 00000000 00000000 00000000 
Index 44: 00000000 00000000 00000000 00000000 00000000 00000000 00000000 00000000 
Index 45: 00000000 00000000 00000000 00000000 00000000 00000000 00000000 00000000 
Index 46: 00000000 00000000 00000000 00000000 00000000 00000000 00000000 00000000 
Index 47: 00000000 00000000 00000000 00000000 00000000 00000000 00000000 00000000 
Index 48: 00000000 00000000 00000000 00000000 00000000 00000000 00000000 00000000 
Index 49: 00000000 00000000 00000000 00000000 00000000 00000000 00000000 00000000 
Index 50: 00000000 00000000 00000000 00000000 00000000 00000000 00000000 00000000 
Index 51: 00000000 00000000 00000000 00000000 00000000 00000000 00000000 00000000 
Index 52: 00000000 00000000 00000000 00000000 00000000 00000000 00000000 00000000 
Index 53: 00000000 00000000 00000000 00000000 00000000 00000000 00000000 00000000 
Index 54: 00000000 00000000 00000000 00000000 00000000 00000000 00000000 00000000 
Index 55: 00000000 00000000 00000000 00000000 00000000 00000000 00000000 00000000 
Index 56: 00000000 00000000 00000000 00000000 00000000 00000000 00000000 00000000 
Index 57: 00000000 00000000 00000000 00000000 00000000 00000000 00000000 00000000 
Index 58: 00000000 00000000 00000000 00000000 00000000 00000000 00000000 00000000 
Index 59: 00000000 00000000 00000000 00000000 00000000 00000000 00000000 00000000 
Index 60: 00000000 00000000 00000000 00000000 00000000 00000000 00000000 00000000 
Index 61: 00000000 00000000 00000000 00000000 00000000 00000000 00000000 00000000 
Index 62: 00000000 00000000 00000000 00000000 00000000 00000000 00000000 00000000 
Index 63: 00000000 00000000 00000000 00000000 00000000 00000000 00000000 00000000 
===========================
Time:140 | cpu_addr=10000021 | cpu_wdata=dddddddd | cpu_rdata=00000000 | cpu_stall=0 | mem_addr=10000020 | mem_read=0 | mem_write=1 | mem_wdata_array=888888887777777766666666555555554444cccc333333332222222211111111 | mem_ready=1
Time:145 | cpu_addr=10000021 | cpu_wdata=dddddddd | cpu_rdata=00000000 | cpu_stall=1 | mem_addr=10000020 | mem_read=0 | mem_write=1 | mem_wdata_array=888888887777777766666666555555554444cccc33333333222222221111dd11 | mem_ready=1
=== DATA TABLE ===
Index 0: 88888888 77777777 66666666 55555555 44444444 33333333 bbbbbbbb aaaaaaaa 
Index 1: 88888888 77777777 66666666 55555555 4444cccc 33333333 22222222 1111dd11 
Index 2: 00000000 00000000 00000000 00000000 00000000 00000000 00000000 00000000 
Index 3: 00000000 00000000 00000000 00000000 00000000 00000000 00000000 00000000 
Index 4: 00000000 00000000 00000000 00000000 00000000 00000000 00000000 00000000 
Index 5: 00000000 00000000 00000000 00000000 00000000 00000000 00000000 00000000 
Index 6: 00000000 00000000 00000000 00000000 00000000 00000000 00000000 00000000 
Index 7: 00000000 00000000 00000000 00000000 00000000 00000000 00000000 00000000 
Index 8: 00000000 00000000 00000000 00000000 00000000 00000000 00000000 00000000 
Index 9: 00000000 00000000 00000000 00000000 00000000 00000000 00000000 00000000 
Index 10: 00000000 00000000 00000000 00000000 00000000 00000000 00000000 00000000 
Index 11: 00000000 00000000 00000000 00000000 00000000 00000000 00000000 00000000 
Index 12: 00000000 00000000 00000000 00000000 00000000 00000000 00000000 00000000 
Index 13: 00000000 00000000 00000000 00000000 00000000 00000000 00000000 00000000 
Index 14: 00000000 00000000 00000000 00000000 00000000 00000000 00000000 00000000 
Index 15: 00000000 00000000 00000000 00000000 00000000 00000000 00000000 00000000 
Index 16: 00000000 00000000 00000000 00000000 00000000 00000000 00000000 00000000 
Index 17: 00000000 00000000 00000000 00000000 00000000 00000000 00000000 00000000 
Index 18: 00000000 00000000 00000000 00000000 00000000 00000000 00000000 00000000 
Index 19: 00000000 00000000 00000000 00000000 00000000 00000000 00000000 00000000 
Index 20: 00000000 00000000 00000000 00000000 00000000 00000000 00000000 00000000 
Index 21: 00000000 00000000 00000000 00000000 00000000 00000000 00000000 00000000 
Index 22: 00000000 00000000 00000000 00000000 00000000 00000000 00000000 00000000 
Index 23: 00000000 00000000 00000000 00000000 00000000 00000000 00000000 00000000 
Index 24: 00000000 00000000 00000000 00000000 00000000 00000000 00000000 00000000 
Index 25: 00000000 00000000 00000000 00000000 00000000 00000000 00000000 00000000 
Index 26: 00000000 00000000 00000000 00000000 00000000 00000000 00000000 00000000 
Index 27: 00000000 00000000 00000000 00000000 00000000 00000000 00000000 00000000 
Index 28: 00000000 00000000 00000000 00000000 00000000 00000000 00000000 00000000 
Index 29: 00000000 00000000 00000000 00000000 00000000 00000000 00000000 00000000 
Index 30: 00000000 00000000 00000000 00000000 00000000 00000000 00000000 00000000 
Index 31: 00000000 00000000 00000000 00000000 00000000 00000000 00000000 00000000 
Index 32: 00000000 00000000 00000000 00000000 00000000 00000000 00000000 00000000 
Index 33: 00000000 00000000 00000000 00000000 00000000 00000000 00000000 00000000 
Index 34: 00000000 00000000 00000000 00000000 00000000 00000000 00000000 00000000 
Index 35: 00000000 00000000 00000000 00000000 00000000 00000000 00000000 00000000 
Index 36: 00000000 00000000 00000000 00000000 00000000 00000000 00000000 00000000 
Index 37: 00000000 00000000 00000000 00000000 00000000 00000000 00000000 00000000 
Index 38: 00000000 00000000 00000000 00000000 00000000 00000000 00000000 00000000 
Index 39: 00000000 00000000 00000000 00000000 00000000 00000000 00000000 00000000 
Index 40: 00000000 00000000 00000000 00000000 00000000 00000000 00000000 00000000 
Index 41: 00000000 00000000 00000000 00000000 00000000 00000000 00000000 00000000 
Index 42: 00000000 00000000 00000000 00000000 00000000 00000000 00000000 00000000 
Index 43: 00000000 00000000 00000000 00000000 00000000 00000000 00000000 00000000 
Index 44: 00000000 00000000 00000000 00000000 00000000 00000000 00000000 00000000 
Index 45: 00000000 00000000 00000000 00000000 00000000 00000000 00000000 00000000 
Index 46: 00000000 00000000 00000000 00000000 00000000 00000000 00000000 00000000 
Index 47: 00000000 00000000 00000000 00000000 00000000 00000000 00000000 00000000 
Index 48: 00000000 00000000 00000000 00000000 00000000 00000000 00000000 00000000 
Index 49: 00000000 00000000 00000000 00000000 00000000 00000000 00000000 00000000 
Index 50: 00000000 00000000 00000000 00000000 00000000 00000000 00000000 00000000 
Index 51: 00000000 00000000 00000000 00000000 00000000 00000000 00000000 00000000 
Index 52: 00000000 00000000 00000000 00000000 00000000 00000000 00000000 00000000 
Index 53: 00000000 00000000 00000000 00000000 00000000 00000000 00000000 00000000 
Index 54: 00000000 00000000 00000000 00000000 00000000 00000000 00000000 00000000 
Index 55: 00000000 00000000 00000000 00000000 00000000 00000000 00000000 00000000 
Index 56: 00000000 00000000 00000000 00000000 00000000 00000000 00000000 00000000 
Index 57: 00000000 00000000 00000000 00000000 00000000 00000000 00000000 00000000 
Index 58: 00000000 00000000 00000000 00000000 00000000 00000000 00000000 00000000 
Index 59: 00000000 00000000 00000000 00000000 00000000 00000000 00000000 00000000 
Index 60: 00000000 00000000 00000000 00000000 00000000 00000000 00000000 00000000 
Index 61: 00000000 00000000 00000000 00000000 00000000 00000000 00000000 00000000 
Index 62: 00000000 00000000 00000000 00000000 00000000 00000000 00000000 00000000 
Index 63: 00000000 00000000 00000000 00000000 00000000 00000000 00000000 00000000 
===========================
Time:150 | cpu_addr=1001000c | cpu_wdata=eeeeeeee | cpu_rdata=00000000 | cpu_stall=1 | mem_addr=10010000 | mem_read=0 | mem_write=1 | mem_wdata_array=888888887777777766666666555555554444444433333333bbbbbbbbaaaaaaaa | mem_ready=1
Time:155 | cpu_addr=1001000c | cpu_wdata=eeeeeeee | cpu_rdata=00000000 | cpu_stall=0 | mem_addr=10010000 | mem_read=0 | mem_write=1 | mem_wdata_array=888888887777777766666666555555554444444433333333bbbbbbbbaaaaaaaa | mem_ready=1
=== DATA TABLE ===
Index 0: 88888888 77777777 66666666 55555555 44444444 33333333 bbbbbbbb aaaaaaaa 
Index 1: 88888888 77777777 66666666 55555555 4444cccc 33333333 22222222 1111dd11 
Index 2: 00000000 00000000 00000000 00000000 00000000 00000000 00000000 00000000 
Index 3: 00000000 00000000 00000000 00000000 00000000 00000000 00000000 00000000 
Index 4: 00000000 00000000 00000000 00000000 00000000 00000000 00000000 00000000 
Index 5: 00000000 00000000 00000000 00000000 00000000 00000000 00000000 00000000 
Index 6: 00000000 00000000 00000000 00000000 00000000 00000000 00000000 00000000 
Index 7: 00000000 00000000 00000000 00000000 00000000 00000000 00000000 00000000 
Index 8: 00000000 00000000 00000000 00000000 00000000 00000000 00000000 00000000 
Index 9: 00000000 00000000 00000000 00000000 00000000 00000000 00000000 00000000 
Index 10: 00000000 00000000 00000000 00000000 00000000 00000000 00000000 00000000 
Index 11: 00000000 00000000 00000000 00000000 00000000 00000000 00000000 00000000 
Index 12: 00000000 00000000 00000000 00000000 00000000 00000000 00000000 00000000 
Index 13: 00000000 00000000 00000000 00000000 00000000 00000000 00000000 00000000 
Index 14: 00000000 00000000 00000000 00000000 00000000 00000000 00000000 00000000 
Index 15: 00000000 00000000 00000000 00000000 00000000 00000000 00000000 00000000 
Index 16: 00000000 00000000 00000000 00000000 00000000 00000000 00000000 00000000 
Index 17: 00000000 00000000 00000000 00000000 00000000 00000000 00000000 00000000 
Index 18: 00000000 00000000 00000000 00000000 00000000 00000000 00000000 00000000 
Index 19: 00000000 00000000 00000000 00000000 00000000 00000000 00000000 00000000 
Index 20: 00000000 00000000 00000000 00000000 00000000 00000000 00000000 00000000 
Index 21: 00000000 00000000 00000000 00000000 00000000 00000000 00000000 00000000 
Index 22: 00000000 00000000 00000000 00000000 00000000 00000000 00000000 00000000 
Index 23: 00000000 00000000 00000000 00000000 00000000 00000000 00000000 00000000 
Index 24: 00000000 00000000 00000000 00000000 00000000 00000000 00000000 00000000 
Index 25: 00000000 00000000 00000000 00000000 00000000 00000000 00000000 00000000 
Index 26: 00000000 00000000 00000000 00000000 00000000 00000000 00000000 00000000 
Index 27: 00000000 00000000 00000000 00000000 00000000 00000000 00000000 00000000 
Index 28: 00000000 00000000 00000000 00000000 00000000 00000000 00000000 00000000 
Index 29: 00000000 00000000 00000000 00000000 00000000 00000000 00000000 00000000 
Index 30: 00000000 00000000 00000000 00000000 00000000 00000000 00000000 00000000 
Index 31: 00000000 00000000 00000000 00000000 00000000 00000000 00000000 00000000 
Index 32: 00000000 00000000 00000000 00000000 00000000 00000000 00000000 00000000 
Index 33: 00000000 00000000 00000000 00000000 00000000 00000000 00000000 00000000 
Index 34: 00000000 00000000 00000000 00000000 00000000 00000000 00000000 00000000 
Index 35: 00000000 00000000 00000000 00000000 00000000 00000000 00000000 00000000 
Index 36: 00000000 00000000 00000000 00000000 00000000 00000000 00000000 00000000 
Index 37: 00000000 00000000 00000000 00000000 00000000 00000000 00000000 00000000 
Index 38: 00000000 00000000 00000000 00000000 00000000 00000000 00000000 00000000 
Index 39: 00000000 00000000 00000000 00000000 00000000 00000000 00000000 00000000 
Index 40: 00000000 00000000 00000000 00000000 00000000 00000000 00000000 00000000 
Index 41: 00000000 00000000 00000000 00000000 00000000 00000000 00000000 00000000 
Index 42: 00000000 00000000 00000000 00000000 00000000 00000000 00000000 00000000 
Index 43: 00000000 00000000 00000000 00000000 00000000 00000000 00000000 00000000 
Index 44: 00000000 00000000 00000000 00000000 00000000 00000000 00000000 00000000 
Index 45: 00000000 00000000 00000000 00000000 00000000 00000000 00000000 00000000 
Index 46: 00000000 00000000 00000000 00000000 00000000 00000000 00000000 00000000 
Index 47: 00000000 00000000 00000000 00000000 00000000 00000000 00000000 00000000 
Index 48: 00000000 00000000 00000000 00000000 00000000 00000000 00000000 00000000 
Index 49: 00000000 00000000 00000000 00000000 00000000 00000000 00000000 00000000 
Index 50: 00000000 00000000 00000000 00000000 00000000 00000000 00000000 00000000 
Index 51: 00000000 00000000 00000000 00000000 00000000 00000000 00000000 00000000 
Index 52: 00000000 00000000 00000000 00000000 00000000 00000000 00000000 00000000 
Index 53: 00000000 00000000 00000000 00000000 00000000 00000000 00000000 00000000 
Index 54: 00000000 00000000 00000000 00000000 00000000 00000000 00000000 00000000 
Index 55: 00000000 00000000 00000000 00000000 00000000 00000000 00000000 00000000 
Index 56: 00000000 00000000 00000000 00000000 00000000 00000000 00000000 00000000 
Index 57: 00000000 00000000 00000000 00000000 00000000 00000000 00000000 00000000 
Index 58: 00000000 00000000 00000000 00000000 00000000 00000000 00000000 00000000 
Index 59: 00000000 00000000 00000000 00000000 00000000 00000000 00000000 00000000 
Index 60: 00000000 00000000 00000000 00000000 00000000 00000000 00000000 00000000 
Index 61: 00000000 00000000 00000000 00000000 00000000 00000000 00000000 00000000 
Index 62: 00000000 00000000 00000000 00000000 00000000 00000000 00000000 00000000 
Index 63: 00000000 00000000 00000000 00000000 00000000 00000000 00000000 00000000 
===========================
Time:160 | cpu_addr=10000021 | cpu_wdata=dddddddd | cpu_rdata=00000000 | cpu_stall=0 | mem_addr=10000020 | mem_read=0 | mem_write=1 | mem_wdata_array=888888887777777766666666555555554444cccc33333333222222221111dd11 | mem_ready=1
Time:165 | cpu_addr=10000021 | cpu_wdata=dddddddd | cpu_rdata=00000000 | cpu_stall=1 | mem_addr=10000020 | mem_read=0 | mem_write=1 | mem_wdata_array=888888887777777766666666555555554444cccc33333333222222221111dd11 | mem_ready=1
cache_tb.v:157: $finish called at 170 (1ps)
