
program.elf:     file format elf32-littleriscv


Disassembly of section .text:

00000000 <main>:
   0:	fe010113          	addi	R2 =   R2 - 32     #sp,sp,-32  # R2 = 4064
   4:	00112e23          	sw	  R1 --> D[R2 + 28]   #ra,28(sp) # D[4064 + 28] = 56
   8:	00812c23          	sw	  R8 --> D[R2 + 24]  #s0,24(sp)  # D[4064 + 24] =  0
   c:	02010413          	addi	R8 = R2 + 32       #s0 = sp,32 # R8 = 4096, r8-20= 0xfec
  10:	fe042623          	sw	  R0 -->  D[0xfec] // cycle 12
  loop: 
  14:	fec42783          	lw	  R15 =   D[0xfec]
  18:	00178793          	addi	R15 =   R15 + 1
  1c:	fec42703          	lw	  R14 =   D[0xfec]
  20:	00f707b3          	add	  R15 =   R14 + R15
  24:	fef42623          	sw	  R15 --> D[0xfec]
  28:	fedff06f          	j	14 <main+0x14>

0000002c <_start>:
  2c:	00001117          	auipc	R2 = PC + (0x1 <<12) // 0x102C
  30:	fd410113          	addi	R2 = R2 - 44 # 1000 <_stack_start>
  34:	fcdff0ef          	jal	  PC = PC - 52, r1 = 0x38 (56), R <main>
  38:	ff5ff06f          	j	2c <_start>

Disassembly of section .comment:

00000000 <.comment>:
   0:	3R1434347          	.insn	4, 0x3R1434347
   4:	2820                	.insn	2, 0x2820
   6:	36343067          	.insn	4, 0x36343067
   a:	3639                	.insn	2, 0x3639
   c:	6664                	.insn	2, 0x6664
   e:	3930                	.insn	2, 0x3930
  10:	3336                	.insn	2, 0x3336
  12:	2029                	.insn	2, 0x2029
  14:	3431                	.insn	2, 0x3431
  16:	322e                	.insn	2, 0x322e
  18:	302e                	.insn	2, 0x302e
	...

Disassembly of section .riscv.attributes:

00000000 <.riscv.attributes>:
   0:	1b41                	.insn	2, 0x1b41
   2:	0000                	.insn	2, 0x
   4:	7200                	.insn	2, 0x7200
   6:	7369                	.insn	2, 0x7369
   8:	01007663          	bgeu	zero,a6,14 <main+0x14>
   c:	0011                	.insn	2, 0x0011
   e:	0000                	.insn	2, 0x
  10:	1004                	.insn	2, 0x1004
  12:	7205                	.insn	2, 0x7205
  14:	3376                	.insn	2, 0x3376
  16:	6932                	.insn	2, 0x6932
  18:	7032                	.insn	2, 0x7032
  1a:	0031                	.insn	2, 0x0031
