#! /usr/bin/vvp
:ivl_version "12.0 (stable)";
:ivl_delay_selection "TYPICAL";
:vpi_time_precision + 0;
:vpi_module "/usr/lib/x86_64-linux-gnu/ivl/system.vpi";
:vpi_module "/usr/lib/x86_64-linux-gnu/ivl/vhdl_sys.vpi";
:vpi_module "/usr/lib/x86_64-linux-gnu/ivl/vhdl_textio.vpi";
:vpi_module "/usr/lib/x86_64-linux-gnu/ivl/v2005_math.vpi";
:vpi_module "/usr/lib/x86_64-linux-gnu/ivl/va_math.vpi";
S_0x5607d0a73040 .scope module, "tb_pulse_generator" "tb_pulse_generator" 2 1;
 .timescale 0 0;
v0x5607d0a61350_0 .var "clk", 0 0;
v0x5607d0a61580_0 .var "in", 31 0;
v0x5607d0a88520_0 .net "out", 31 0, v0x5607d0a60ef0_0;  1 drivers
S_0x5607d0a38490 .scope module, "uut" "pulse_generator" 2 8, 3 1 0, S_0x5607d0a73040;
 .timescale 0 0;
    .port_info 0 /INPUT 1 "clk";
    .port_info 1 /INPUT 32 "in";
    .port_info 2 /OUTPUT 32 "out";
v0x5607d0a60880_0 .net "clk", 0 0, v0x5607d0a61350_0;  1 drivers
v0x5607d0a60a90_0 .var/i "i", 31 0;
v0x5607d0a60cc0_0 .net "in", 31 0, v0x5607d0a61580_0;  1 drivers
v0x5607d0a60ef0_0 .var "out", 31 0;
v0x5607d0a61120_0 .var "prev_in", 31 0;
E_0x5607d0a38d00 .event posedge, v0x5607d0a60880_0;
    .scope S_0x5607d0a38490;
T_0 ;
    %wait E_0x5607d0a38d00;
    %pushi/vec4 0, 0, 32;
    %store/vec4 v0x5607d0a60a90_0, 0, 32;
T_0.0 ;
    %load/vec4 v0x5607d0a60a90_0;
    %cmpi/s 32, 0, 32;
    %jmp/0xz T_0.1, 5;
    %load/vec4 v0x5607d0a60cc0_0;
    %load/vec4 v0x5607d0a60a90_0;
    %part/s 1;
    %load/vec4 v0x5607d0a61120_0;
    %load/vec4 v0x5607d0a60a90_0;
    %part/s 1;
    %inv;
    %and;
    %ix/load 5, 0, 0;
    %ix/getv/s 4, v0x5607d0a60a90_0;
    %assign/vec4/off/d v0x5607d0a60ef0_0, 4, 5;
    %load/vec4 v0x5607d0a60cc0_0;
    %load/vec4 v0x5607d0a60a90_0;
    %part/s 1;
    %ix/load 5, 0, 0;
    %ix/getv/s 4, v0x5607d0a60a90_0;
    %assign/vec4/off/d v0x5607d0a61120_0, 4, 5;
    %load/vec4 v0x5607d0a60a90_0;
    %addi 1, 0, 32;
    %store/vec4 v0x5607d0a60a90_0, 0, 32;
    %jmp T_0.0;
T_0.1 ;
    %jmp T_0;
    .thread T_0;
    .scope S_0x5607d0a73040;
T_1 ;
    %pushi/vec4 0, 0, 1;
    %store/vec4 v0x5607d0a61350_0, 0, 1;
T_1.0 ;
    %delay 5, 0;
    %load/vec4 v0x5607d0a61350_0;
    %inv;
    %store/vec4 v0x5607d0a61350_0, 0, 1;
    %jmp T_1.0;
    %end;
    .thread T_1;
    .scope S_0x5607d0a73040;
T_2 ;
    %vpi_call 2 24 "$dumpfile", "pulse_generator.vcd" {0 0 0};
    %vpi_call 2 25 "$dumpvars", 32'sb00000000000000000000000000000010, S_0x5607d0a73040 {0 0 0};
    %end;
    .thread T_2;
    .scope S_0x5607d0a73040;
T_3 ;
    %pushi/vec4 0, 0, 32;
    %store/vec4 v0x5607d0a61580_0, 0, 32;
    %wait E_0x5607d0a38d00;
    %wait E_0x5607d0a38d00;
    %delay 1, 0;
    %pushi/vec4 17, 0, 32;
    %store/vec4 v0x5607d0a61580_0, 0, 32;
    %pushi/vec4 10, 0, 32;
T_3.0 %dup/vec4;
    %pushi/vec4 0, 0, 32;
    %cmp/s;
    %jmp/1xz T_3.1, 5;
    %jmp/1 T_3.1, 4;
    %pushi/vec4 1, 0, 32;
    %sub;
    %wait E_0x5607d0a38d00;
    %jmp T_3.0;
T_3.1 ;
    %pop/vec4 1;
    %delay 1, 0;
    %pushi/vec4 16, 0, 32;
    %store/vec4 v0x5607d0a61580_0, 0, 32;
    %wait E_0x5607d0a38d00;
    %delay 1, 0;
    %pushi/vec4 17, 0, 32;
    %store/vec4 v0x5607d0a61580_0, 0, 32;
    %wait E_0x5607d0a38d00;
    %wait E_0x5607d0a38d00;
    %wait E_0x5607d0a38d00;
    %wait E_0x5607d0a38d00;
    %wait E_0x5607d0a38d00;
    %wait E_0x5607d0a38d00;
    %wait E_0x5607d0a38d00;
    %vpi_call 2 70 "$finish" {0 0 0};
    %end;
    .thread T_3;
# The file index is used to find the file name in the following table.
:file_names 4;
    "N/A";
    "<interactive>";
    "topTB.v";
    "top.v";
