

DATA_MEM:  
DATA_MEM*: 
----------------------------------------------------------------------------------END


DATA_MEM:  
DATA_MEM*: 
----------------------------------------------------------------------------------END

----------------------------------------------------------------------------------START

Cycle:          1


DATA_MEM:  
DATA_MEM*: 
----------------------------------------------------------------------------------END

----------------------------------------------------------------------------------START

Cycle:          2


DATA_MEM:  
DATA_MEM*: 
DATA STORED:  D00000004: 000000aa, word in Mem          1

----------------------------------------------------------------------------------END

----------------------------------------------------------------------------------START

Cycle:          3
STORE: Instruction=0x0000000001000000, Address=0x00000004, StoredData=0x000000aa


DATA_MEM:     D00000004:   000000aa,
DATA_MEM*:    D00000004:       170,
DATA STORED:  D00000008: 000000aa, word in Mem          2

----------------------------------------------------------------------------------END

----------------------------------------------------------------------------------START

Cycle:          4
STORE: Instruction=0x0000000001000000, Address=0x00000008, StoredData=0x000000aa


DATA_MEM:     D00000004:   000000aa,   D00000008:   000000aa,
DATA_MEM*:    D00000004:       170,   D00000008:       170,
DATA STORED:  D0000000c: 000000aa, word in Mem          3

----------------------------------------------------------------------------------END

----------------------------------------------------------------------------------START

Cycle:          5
STORE: Instruction=0x0000000001000000, Address=0x0000000c, StoredData=0x000000aa


DATA_MEM:     D00000004:   000000aa,   D00000008:   000000aa,   D0000000c:   000000aa,
DATA_MEM*:    D00000004:       170,   D00000008:       170,   D0000000c:       170,
DATA LOAD REQUESTED, AVLIBLE NEXT CYCLE, SHOULD STALL AND BE LD data ZERO:  D00000004: 00000000, word in Mem          1
----------------------------------------------------------------------------------END

----------------------------------------------------------------------------------START

Cycle:          6
LOAD: Instruction=0x0000000000100000, Address=0x00000004, LoadData=0x000000aa


DATA_MEM:     D00000004:   000000aa,   D00000008:   000000aa,   D0000000c:   000000aa,
DATA_MEM*:    D00000004:       170,   D00000008:       170,   D0000000c:       170,
DATA LOADED:  D00000004: 000000aa, word in Mem          1
----------------------------------------------------------------------------------END
riscv32iTB.v:136: $finish called at 75000 (1ps)
